2022-02-19 19:16:19,467,DEBUG:__main__:message recived : {'update_id': 733476806, 'message': {'message_id': 14, 'from': {'id': 5172243899, 'is_bot': False, 'first_name': 'amine', 'language_code': 'fr'}, 'chat': {'id': 5172243899, 'first_name': 'amine', 'type': 'private'}, 'date': 1645294743, 'text': 'test'}}, response : did you mean track my code? /track to track the code. /end to end conversation.
2022-02-19 19:16:20,780,DEBUG:__main__:message sent : did you mean track my code? /track to track the code. /end to end conversation.
2022-02-19 19:17:05,177,DEBUG:__main__:message recived : {'update_id': 733476807, 'message': {'message_id': 15, 'from': {'id': 5172243899, 'is_bot': False, 'first_name': 'amine', 'language_code': 'en'}, 'chat': {'id': 5172243899, 'first_name': 'amine', 'type': 'private'}, 'date': 1645294789, 'text': 'Test'}}, response : did you mean track my code? /track to track the code. /end to end conversation.
2022-02-19 19:17:06,129,DEBUG:__main__:message sent : did you mean track my code? /track to track the code. /end to end conversation.
2022-02-19 19:17:56,580,DEBUG:__main__:message recived : Test, response : did you mean track my code? /track to track the code. /end to end conversation.
2022-02-19 19:17:58,624,DEBUG:__main__:message sent : did you mean track my code? /track to track the code. /end to end conversation.
2022-02-19 19:19:23,723,DEBUG:__main__:message recived : Test, response : did you mean track my code? /track to track the code. /end to end conversation.
2022-02-19 19:19:25,967,DEBUG:__main__:message sent : did you mean track my code? /track to track the code. /end to end conversation.
2022-02-19 19:19:44,703,DEBUG:__main__:message recived : Help, response : did you mean track my code? /track to track the code. /end to end conversation.
2022-02-19 19:19:45,358,DEBUG:__main__:message sent : did you mean track my code? /track to track the code. /end to end conversation.
2022-02-19 19:19:48,956,DEBUG:__main__:message recived : /track, response : please type your code or /menu to return to main menu
2022-02-19 19:19:51,626,DEBUG:__main__:message recived : /track, response : please type your code or /menu to return to main menu
2022-02-19 19:19:55,043,DEBUG:__main__:message recived : /track, response : please type your code or /menu to return to main menu
2022-02-19 19:20:00,858,DEBUG:__main__:message recived : /track, response : please type your code or /menu to return to main menu
2022-02-19 19:20:10,182,DEBUG:__main__:message recived : /track, response : please type your code or /menu to return to main menu
2022-02-19 19:20:27,381,DEBUG:__main__:message recived : /track, response : please type your code or /menu to return to main menu
2022-02-19 19:21:01,582,DEBUG:__main__:message recived : /track, response : please type your code or /menu to return to main menu
2022-02-19 19:23:07,169,DEBUG:__main__:message recived : /track, response : please type your code or /menu to return to main menu
2022-02-19 19:24:08,858,DEBUG:__main__:message recived : /track, response : please type your code or /menu to return to main menu
2022-02-19 19:25:10,306,DEBUG:__main__:message recived : /track, response : please type your code or /menu to return to main menu
2022-02-19 19:26:11,669,DEBUG:__main__:message recived : /track, response : please type your code or /menu to return to main menu
2022-02-19 19:27:13,183,DEBUG:__main__:message recived : /track, response : please type your code or /menu to return to main menu
2022-02-19 19:28:14,895,DEBUG:__main__:message recived : /track, response : please type your code or /menu to return to main menu
2022-02-19 19:29:16,659,DEBUG:__main__:message recived : /track, response : please type your code or /menu to return to main menu
2022-02-19 19:50:16,644,DEBUG:__main__:message recived : /track, response : please type your code or /menu to return to main menu
2022-02-19 19:51:18,314,DEBUG:__main__:message recived : /track, response : please type your code or /menu to return to main menu
2022-02-19 19:53:22,759,DEBUG:__main__:message recived : /track, response : please type your code or /menu to return to main menu
2022-02-19 19:54:24,579,DEBUG:__main__:message recived : /track, response : please type your code or /menu to return to main menu
2022-02-19 19:55:26,433,DEBUG:__main__:message recived : /track, response : please type your code or /menu to return to main menu
2022-02-19 19:56:27,877,DEBUG:__main__:message recived : /track, response : please type your code or /menu to return to main menu
2022-02-19 19:56:29,090,DEBUG:__main__:message recived : 66367, response : did you mean track my code? /track to track the code. /end to end conversation.
2022-02-19 19:56:29,399,DEBUG:__main__:message sent : did you mean track my code? /track to track the code. /end to end conversation.
2022-02-19 19:56:29,964,DEBUG:__main__:message recived : Ydd, response : did you mean track my code? /track to track the code. /end to end conversation.
2022-02-19 19:56:30,269,DEBUG:__main__:message sent : did you mean track my code? /track to track the code. /end to end conversation.
2022-02-19 19:56:30,803,DEBUG:__main__:message recived : /menu, response : to track your code : /track or /end to end conversation.
2022-02-19 19:56:31,135,DEBUG:__main__:message sent : to track your code : /track or /end to end conversation.
2022-02-19 19:56:31,675,DEBUG:__main__:message recived : /start, response : Hello! I am CHATBOT-DS-42, I am here to help
 if you want to track your code : /track or /end to end conversation.
2022-02-19 19:56:31,980,DEBUG:__main__:message sent : Hello! I am CHATBOT-DS-42, I am here to help
 if you want to track your code : /track or /end to end conversation.
2022-02-19 19:56:32,516,DEBUG:__main__:message recived : /start, response : Hello! I am CHATBOT-DS-42, I am here to help
 if you want to track your code : /track or /end to end conversation.
2022-02-19 19:56:33,056,DEBUG:__main__:message sent : Hello! I am CHATBOT-DS-42, I am here to help
 if you want to track your code : /track or /end to end conversation.
2022-02-19 19:56:33,593,DEBUG:__main__:message recived : /menu, response : to track your code : /track or /end to end conversation.
2022-02-19 19:56:33,873,DEBUG:__main__:message sent : to track your code : /track or /end to end conversation.
2022-02-19 19:56:34,420,DEBUG:__main__:message recived : /start, response : Hello! I am CHATBOT-DS-42, I am here to help
 if you want to track your code : /track or /end to end conversation.
2022-02-19 19:56:34,741,DEBUG:__main__:message sent : Hello! I am CHATBOT-DS-42, I am here to help
 if you want to track your code : /track or /end to end conversation.
2022-02-19 19:56:35,276,DEBUG:__main__:message recived : /start, response : Hello! I am CHATBOT-DS-42, I am here to help
 if you want to track your code : /track or /end to end conversation.
2022-02-19 19:56:35,553,DEBUG:__main__:message sent : Hello! I am CHATBOT-DS-42, I am here to help
 if you want to track your code : /track or /end to end conversation.
2022-02-19 19:56:36,095,DEBUG:__main__:message recived : /menu, response : to track your code : /track or /end to end conversation.
2022-02-19 19:56:36,410,DEBUG:__main__:message sent : to track your code : /track or /end to end conversation.
2022-02-19 19:56:36,949,DEBUG:__main__:message recived : /start, response : Hello! I am CHATBOT-DS-42, I am here to help
 if you want to track your code : /track or /end to end conversation.
2022-02-19 19:56:37,231,DEBUG:__main__:message sent : Hello! I am CHATBOT-DS-42, I am here to help
 if you want to track your code : /track or /end to end conversation.
2022-02-19 19:56:37,772,DEBUG:__main__:message recived : /start, response : Hello! I am CHATBOT-DS-42, I am here to help
 if you want to track your code : /track or /end to end conversation.
2022-02-19 19:56:38,142,DEBUG:__main__:message sent : Hello! I am CHATBOT-DS-42, I am here to help
 if you want to track your code : /track or /end to end conversation.
2022-02-19 19:56:38,681,DEBUG:__main__:message recived : /start, response : Hello! I am CHATBOT-DS-42, I am here to help
 if you want to track your code : /track or /end to end conversation.
2022-02-19 19:56:38,989,DEBUG:__main__:message sent : Hello! I am CHATBOT-DS-42, I am here to help
 if you want to track your code : /track or /end to end conversation.
2022-02-19 19:56:39,522,DEBUG:__main__:message recived : /start, response : Hello! I am CHATBOT-DS-42, I am here to help
 if you want to track your code : /track or /end to end conversation.
2022-02-19 19:56:39,776,DEBUG:__main__:message sent : Hello! I am CHATBOT-DS-42, I am here to help
 if you want to track your code : /track or /end to end conversation.
2022-02-19 19:56:40,314,DEBUG:__main__:message recived : 15, response : did you mean track my code? /track to track the code. /end to end conversation.
2022-02-19 19:56:40,577,DEBUG:__main__:message sent : did you mean track my code? /track to track the code. /end to end conversation.
2022-02-19 19:56:46,643,DEBUG:__main__:message recived : 4564, response : did you mean track my code? /track to track the code. /end to end conversation.
2022-02-19 19:56:47,025,DEBUG:__main__:message sent : did you mean track my code? /track to track the code. /end to end conversation.
2022-02-19 19:56:50,511,DEBUG:__main__:message recived : /end, response : good bye!
2022-02-19 19:56:50,888,DEBUG:__main__:message sent : good bye!
2022-02-19 19:56:56,046,DEBUG:__main__:message recived : slt, response : did you mean track my code? /track to track the code. /end to end conversation.
2022-02-19 19:56:56,401,DEBUG:__main__:message sent : did you mean track my code? /track to track the code. /end to end conversation.
2022-02-19 19:57:02,419,DEBUG:__main__:message recived : no, response : did you mean track my code? /track to track the code. /end to end conversation.
2022-02-19 19:57:02,728,DEBUG:__main__:message sent : did you mean track my code? /track to track the code. /end to end conversation.
2022-02-19 19:57:10,747,DEBUG:__main__:message recived : /start, response : Hello! I am CHATBOT-DS-42, I am here to help
 if you want to track your code : /track or /end to end conversation.
2022-02-19 19:57:11,081,DEBUG:__main__:message sent : Hello! I am CHATBOT-DS-42, I am here to help
 if you want to track your code : /track or /end to end conversation.
2022-02-19 19:57:17,095,DEBUG:__main__:message recived : /end, response : good bye!
2022-02-19 19:57:17,346,DEBUG:__main__:message sent : good bye!
2022-02-19 19:57:22,190,DEBUG:__main__:message recived : /start, response : Hello! I am CHATBOT-DS-42, I am here to help
 if you want to track your code : /track or /end to end conversation.
2022-02-19 19:57:22,550,DEBUG:__main__:message sent : Hello! I am CHATBOT-DS-42, I am here to help
 if you want to track your code : /track or /end to end conversation.
2022-02-19 19:57:25,025,DEBUG:__main__:message recived : /track, response : please type your code or /menu to return to main menu
2022-02-19 19:58:36,757,DEBUG:__main__:message recived : 4554, response : did you mean track my code? /track to track the code. /end to end conversation.
2022-02-19 19:58:37,178,DEBUG:__main__:message sent : did you mean track my code? /track to track the code. /end to end conversation.
2022-02-19 19:58:43,575,DEBUG:__main__:message recived : /track, response : please type your code or /menu to return to main menu
2022-02-19 19:58:45,818,DEBUG:__main__:message recived : 454, response : did you mean track my code? /track to track the code. /end to end conversation.
2022-02-19 19:58:46,093,DEBUG:__main__:message sent : did you mean track my code? /track to track the code. /end to end conversation.
2022-02-19 19:59:47,548,DEBUG:__main__:message recived : /menu, response : to track your code : /track or /end to end conversation.
2022-02-19 19:59:49,708,DEBUG:__main__:message sent : to track your code : /track or /end to end conversation.
2022-02-19 20:03:05,302,DEBUG:__main__:message recived : /end, response : good bye!
2022-02-19 20:03:05,685,DEBUG:__main__:message sent : good bye!
2022-02-19 20:03:07,295,DEBUG:__main__:message recived : /menu, response : :/track : to track your code 
 /end : to end conversation.
2022-02-19 20:03:07,642,DEBUG:__main__:message sent : :/track : to track your code 
 /end : to end conversation.
2022-02-19 20:03:21,824,DEBUG:__main__:message recived : /menu, response : /track : to track your code 
 /end : to end conversation.
2022-02-19 20:03:23,097,DEBUG:__main__:message sent : /track : to track your code 
 /end : to end conversation.
2022-02-19 20:03:30,342,DEBUG:__main__:message recived : /track, response : please type your code, or  /menu to return to main menu
2022-02-19 20:06:50,280,DEBUG:__main__:message recived : /start, response : Hello! I am CHATBOT-DS-42, I am here to help 
/track : if you want to track your code 
/end to end conversation.
2022-02-19 20:06:51,119,DEBUG:__main__:message sent : Hello! I am CHATBOT-DS-42, I am here to help 
/track : if you want to track your code 
/end to end conversation.
2022-02-19 20:06:56,419,DEBUG:__main__:message recived : /end, response : good bye!
2022-02-19 20:06:57,648,DEBUG:__main__:message sent : good bye!
2022-02-19 20:07:01,933,DEBUG:__main__:message recived : slt, response : did you mean track my code? /track to track the code. /end to end conversation.
2022-02-19 20:07:02,257,DEBUG:__main__:message sent : did you mean track my code? /track to track the code. /end to end conversation.
2022-02-19 20:07:56,981,DEBUG:__main__:message recived : test, response : did you mean track my code?
 /track : to track the code.
 /end : to end conversation.
2022-02-19 20:07:57,500,DEBUG:__main__:message sent : did you mean track my code?
 /track : to track the code.
 /end : to end conversation.
2022-02-19 20:10:56,843,DEBUG:__main__:message recived : test, response : did you mean track my code?
 /track : to track the code.
 /end : to end conversation.
2022-02-19 20:10:57,201,DEBUG:__main__:message sent : did you mean track my code?
 /track : to track the code.
 /end : to end conversation.
2022-02-19 20:11:00,090,DEBUG:__main__:message recived : /end, response : good bye!
2022-02-19 20:11:00,421,DEBUG:__main__:message sent : good bye!
2022-02-19 20:11:06,958,DEBUG:__main__:message recived : /menu, response : /track : to track your code 
 /end : to end conversation.
2022-02-19 20:11:07,338,DEBUG:__main__:message sent : /track : to track your code 
 /end : to end conversation.
2022-02-19 20:11:15,259,DEBUG:__main__:message recived : /track, response : please type your code, or  /menu to return to main menu
2022-02-19 20:11:16,407,DEBUG:__main__:message recived : /track, response : please type your code, or  /menu to return to main menu
2022-02-19 20:11:19,569,DEBUG:__main__:message recived : /track, response : please type your code, or  /menu to return to main menu
2022-02-19 20:11:24,871,DEBUG:__main__:message recived : /track, response : please type your code, or  /menu to return to main menu
2022-02-19 20:11:34,824,DEBUG:__main__:message recived : /track, response : please type your code, or  /menu to return to main menu
2022-02-19 20:13:29,536,DEBUG:__main__:message recived : /track, response : please type your code, or  /menu to return to main menu
2022-02-19 20:14:30,961,DEBUG:__main__:message recived : /track, response : please type your code, or  /menu to return to main menu
2022-02-19 20:15:32,227,DEBUG:__main__:message recived : /track, response : please type your code, or  /menu to return to main menu
2022-02-19 20:16:33,590,DEBUG:__main__:message recived : /track, response : please type your code, or  /menu to return to main menu
2022-02-19 20:19:40,827,DEBUG:__main__:message recived : /track, response : please type your code, or  /menu to return to main menu
2022-02-19 20:21:45,181,DEBUG:__main__:message recived : /track, response : please type your code, or  /menu to return to main menu
2022-02-19 20:22:46,688,DEBUG:__main__:message recived : /track, response : please type your code, or  /menu to return to main menu
2022-02-19 20:23:47,908,DEBUG:__main__:message recived : /track, response : please type your code, or  /menu to return to main menu
2022-02-19 20:24:51,595,DEBUG:__main__:message recived : /track, response : please type your code, or  /menu to return to main menu
2022-02-19 20:24:53,209,DEBUG:__main__:message recived : cd, response : did you mean track my code?
 /track : to track the code.
 /end : to end conversation.
2022-02-19 20:24:53,949,DEBUG:__main__:message sent : did you mean track my code?
 /track : to track the code.
 /end : to end conversation.
2022-02-19 20:24:54,521,DEBUG:__main__:message recived : test, response : did you mean track my code?
 /track : to track the code.
 /end : to end conversation.
2022-02-19 20:24:55,144,DEBUG:__main__:message sent : did you mean track my code?
 /track : to track the code.
 /end : to end conversation.
2022-02-19 20:24:55,711,DEBUG:__main__:message recived : test, response : did you mean track my code?
 /track : to track the code.
 /end : to end conversation.
2022-02-19 20:24:56,405,DEBUG:__main__:message sent : did you mean track my code?
 /track : to track the code.
 /end : to end conversation.
2022-02-19 20:24:56,946,DEBUG:__main__:message recived : /menu, response : /track : to track your code 
 /end : to end conversation.
2022-02-19 20:24:57,540,DEBUG:__main__:message sent : /track : to track your code 
 /end : to end conversation.
2022-02-19 20:24:58,119,DEBUG:__main__:message recived : /menu, response : /track : to track your code 
 /end : to end conversation.
2022-02-19 20:24:58,997,DEBUG:__main__:message sent : /track : to track your code 
 /end : to end conversation.
2022-02-19 20:25:08,003,DEBUG:__main__:message recived : test, response : did you mean track my code?
 /track : to track the code.
 /end : to end conversation.
2022-02-19 20:25:08,759,DEBUG:__main__:message sent : did you mean track my code?
 /track : to track the code.
 /end : to end conversation.
2022-02-19 20:26:14,965,DEBUG:__main__:message recived : test, response : did you mean track my code?
 /track : to track the code.
 /end : to end conversation.
2022-02-19 20:26:18,234,DEBUG:__main__:message recived : /track, response : please type your code, or  /menu to return to main menu
2022-02-19 20:26:35,920,DEBUG:__main__:message recived : /end, response : good bye!
2022-02-19 20:30:09,595,DEBUG:__main__:message recived : /track, response : please type your code, or  /menu to return to main menu
2022-02-21 15:56:48,748,DEBUG:__main__:message recived : /start, response : Hello! I am CHATBOT-DS-42, I am here to help 
/track : if you want to track your code 
/end to end conversation.
2022-02-21 15:56:57,326,DEBUG:__main__:message recived : /end, response : good bye!
2022-02-21 15:57:04,737,DEBUG:__main__:message recived : /menu, response : /track : to track your code 
 /end : to end conversation.
2022-02-21 15:57:08,903,DEBUG:__main__:message recived : /track, response : please type your code, or  /menu to return to main menu
2022-02-21 16:24:51,505,DEBUG:__main__:message recived : /start, response : Hello! I am CHATBOT-DS-42, I am here to help 
/track : if you want to track your code 
/end to end conversation.
2022-02-21 16:24:52,497,DEBUG:__main__:message recived : /start, response : Hello! I am CHATBOT-DS-42, I am here to help 
/track : if you want to track your code 
/end to end conversation.
2022-02-21 16:24:55,502,DEBUG:__main__:message recived : /start, response : Hello! I am CHATBOT-DS-42, I am here to help 
/track : if you want to track your code 
/end to end conversation.
2022-02-21 16:25:00,465,DEBUG:__main__:message recived : /start, response : Hello! I am CHATBOT-DS-42, I am here to help 
/track : if you want to track your code 
/end to end conversation.
2022-02-21 16:25:09,449,DEBUG:__main__:message recived : /start, response : Hello! I am CHATBOT-DS-42, I am here to help 
/track : if you want to track your code 
/end to end conversation.
2022-02-21 16:25:26,403,DEBUG:__main__:message recived : /start, response : Hello! I am CHATBOT-DS-42, I am here to help 
/track : if you want to track your code 
/end to end conversation.
2022-02-21 16:25:59,800,DEBUG:__main__:message recived : /start, response : Hello! I am CHATBOT-DS-42, I am here to help 
/track : if you want to track your code 
/end to end conversation.
2022-02-21 16:27:01,047,DEBUG:__main__:message recived : /start, response : Hello! I am CHATBOT-DS-42, I am here to help 
/track : if you want to track your code 
/end to end conversation.
2022-02-21 16:28:02,916,DEBUG:__main__:message recived : /start, response : Hello! I am CHATBOT-DS-42, I am here to help 
/track : if you want to track your code 
/end to end conversation.
2022-02-21 16:29:04,884,DEBUG:__main__:message recived : /start, response : Hello! I am CHATBOT-DS-42, I am here to help 
/track : if you want to track your code 
/end to end conversation.
2022-02-21 16:30:09,655,DEBUG:__main__:message recived : /start, response : Hello! I am CHATBOT-DS-42, I am here to help 
/track : if you want to track your code 
/end to end conversation.
2022-02-21 16:31:11,518,DEBUG:__main__:message recived : /start, response : Hello! I am CHATBOT-DS-42, I am here to help 
/track : if you want to track your code 
/end to end conversation.
2022-02-21 16:32:13,362,DEBUG:__main__:message recived : /start, response : Hello! I am CHATBOT-DS-42, I am here to help 
/track : if you want to track your code 
/end to end conversation.
2022-02-21 16:33:16,852,DEBUG:__main__:message recived : /start, response : Hello! I am CHATBOT-DS-42, I am here to help 
/track : if you want to track your code 
/end to end conversation.
2022-02-21 16:34:19,030,DEBUG:__main__:message recived : /start, response : Hello! I am CHATBOT-DS-42, I am here to help 
/track : if you want to track your code 
/end to end conversation.
2022-02-21 16:34:19,917,DEBUG:__main__:message recived : /track, response : please type your code, or  /menu to return to main menu
2022-02-21 16:34:22,380,DEBUG:__main__:message recived : /track, response : please type your code, or  /menu to return to main menu
2022-02-21 16:34:25,872,DEBUG:__main__:message recived : /track, response : please type your code, or  /menu to return to main menu
2022-02-21 16:34:31,145,DEBUG:__main__:message recived : /track, response : please type your code, or  /menu to return to main menu
2022-02-21 16:34:40,374,DEBUG:__main__:message recived : /track, response : please type your code, or  /menu to return to main menu
2022-02-21 16:34:57,615,DEBUG:__main__:message recived : /track, response : please type your code, or  /menu to return to main menu
2022-02-21 16:35:32,100,DEBUG:__main__:message recived : /track, response : please type your code, or  /menu to return to main menu
2022-02-21 18:30:59,209,DEBUG:__main__:message recived : /track, response : please type your code, or  /menu to return to main menu
2022-02-21 18:31:02,928,DEBUG:__main__:message recived : /track, response : please type your code, or  /menu to return to main menu
2022-02-21 18:31:09,615,DEBUG:__main__:message recived : /start, response : Hello! I am CHATBOT-DS-42, I am here to help 
/track : if you want to track your code 
/end to end conversation.
2022-02-21 18:31:10,564,DEBUG:__main__:message recived : /track, response : please type your code, or  /menu to return to main menu
2022-02-21 18:31:12,536,DEBUG:__main__:message recived : /start, response : Hello! I am CHATBOT-DS-42, I am here to help 
/track : if you want to track your code 
/end to end conversation.
2022-02-21 18:31:14,731,DEBUG:__main__:message recived : /start, response : Hello! I am CHATBOT-DS-42, I am here to help 
/track : if you want to track your code 
/end to end conversation.
2022-02-21 18:31:15,736,DEBUG:__main__:message recived : /track, response : please type your code, or  /menu to return to main menu
2022-02-21 18:31:17,385,DEBUG:__main__:message recived : /start, response : Hello! I am CHATBOT-DS-42, I am here to help 
/track : if you want to track your code 
/end to end conversation.
2022-02-21 18:31:18,225,DEBUG:__main__:message recived : /track, response : please type your code, or  /menu to return to main menu
2022-02-21 18:31:19,441,DEBUG:__main__:message recived : /start, response : Hello! I am CHATBOT-DS-42, I am here to help 
/track : if you want to track your code 
/end to end conversation.
2022-02-21 18:31:20,382,DEBUG:__main__:message recived : /track, response : please type your code, or  /menu to return to main menu
2022-02-21 18:31:21,476,DEBUG:__main__:message recived : 74-74-7, response : did you mean track my code?
 /track : to track the code.
 /end : to end conversation.
2022-02-21 18:31:22,319,DEBUG:__main__:message recived : 481, response : did you mean track my code?
 /track : to track the code.
 /end : to end conversation.
2022-02-21 18:31:23,150,DEBUG:__main__:message recived : /track, response : please type your code, or  /menu to return to main menu
2022-02-21 18:31:24,292,DEBUG:__main__:message recived : /start, response : Hello! I am CHATBOT-DS-42, I am here to help 
/track : if you want to track your code 
/end to end conversation.
2022-02-21 18:31:31,730,DEBUG:__main__:message recived : /end, response : good bye!
2022-02-21 18:31:37,327,DEBUG:__main__:message recived : /menu, response : /track : to track your code 
 /end : to end conversation.
2022-02-21 18:31:39,803,DEBUG:__main__:message recived : /track, response : please type your code, or  /menu to return to main menu
2022-02-21 18:31:45,916,DEBUG:__main__:message recived : 145, response : did you mean track my code?
 /track : to track the code.
 /end : to end conversation.
2022-02-21 18:31:53,790,DEBUG:__main__:message recived : /track, response : please type your code, or  /menu to return to main menu
2022-02-21 18:31:58,210,DEBUG:__main__:message recived : 464646, response : did you mean track my code?
 /track : to track the code.
 /end : to end conversation.
2022-02-21 18:33:17,331,DEBUG:__main__:message recived : /end, response : good bye!
2022-02-21 18:33:19,801,DEBUG:__main__:message recived : /menu, response : /track : to track your code 
 /end : to end conversation.
2022-02-21 18:33:40,208,DEBUG:__main__:message recived : /track, response : please type your code, or  /menu to return to main menu
2022-02-21 18:34:07,890,DEBUG:__main__:message recived : /menu, response : /track : to track your code 
 /end : to end conversation.
2022-02-21 18:34:10,465,DEBUG:__main__:message recived : /track, response : please type your code, or  /menu to return to main menu
2022-02-21 18:34:22,126,DEBUG:__main__:message recived : 465, response : did you mean track my code?
 /track : to track the code.
 /end : to end conversation.
2022-02-21 18:35:41,608,DEBUG:__main__:message recived : /menu, response : /track : to track your code 
 /end : to end conversation.
2022-02-21 18:35:44,117,DEBUG:__main__:message recived : /track, response : please type your code, or  /menu to return to main menu
2022-02-21 18:36:40,445,DEBUG:__main__:message recived : /menu, response : /track : to track your code 
 /end : to end conversation.
2022-02-21 18:36:40,728,DEBUG:__main__:message sent : /track : to track your code 
 /end : to end conversation.
2022-02-21 18:36:42,875,DEBUG:__main__:message recived : /track, response : please type your code, or  /menu to return to main menu
2022-02-21 18:36:48,304,DEBUG:__main__:message recived : 556, response : did you mean track my code?
 /track : to track the code.
 /end : to end conversation.
2022-02-21 18:36:48,619,DEBUG:__main__:message sent : did you mean track my code?
 /track : to track the code.
 /end : to end conversation.
2022-02-21 18:37:10,150,DEBUG:__main__:message recived : /track, response : please type your code, or  /menu to return to main menu
2022-02-21 18:50:05,231,DEBUG:__main__:message recived : /end, response : good bye!
2022-02-21 18:50:05,967,DEBUG:__main__:message sent : good bye!
2022-02-21 18:50:06,510,DEBUG:__main__:message recived : /end, response : good bye!
2022-02-21 18:50:07,045,DEBUG:__main__:message sent : good bye!
2022-02-21 18:50:07,601,DEBUG:__main__:message recived : /menu, response : /track : to track your code 
 /end : to end conversation.
2022-02-21 18:50:08,097,DEBUG:__main__:message sent : /track : to track your code 
 /end : to end conversation.
2022-02-21 18:50:08,648,DEBUG:__main__:message recived : /menu, response : /track : to track your code 
 /end : to end conversation.
2022-02-21 18:50:08,954,DEBUG:__main__:message sent : /track : to track your code 
 /end : to end conversation.
2022-02-21 18:50:09,503,DEBUG:__main__:message recived : /menu, response : /track : to track your code 
 /end : to end conversation.
2022-02-21 18:50:09,787,DEBUG:__main__:message sent : /track : to track your code 
 /end : to end conversation.
2022-02-21 18:50:10,333,DEBUG:__main__:message recived : /menu, response : /track : to track your code 
 /end : to end conversation.
2022-02-21 18:50:10,833,DEBUG:__main__:message sent : /track : to track your code 
 /end : to end conversation.
2022-02-21 18:50:11,375,DEBUG:__main__:message recived : /menu, response : /track : to track your code 
 /end : to end conversation.
2022-02-21 18:50:11,678,DEBUG:__main__:message sent : /track : to track your code 
 /end : to end conversation.
2022-02-21 18:50:12,219,DEBUG:__main__:message recived : /menu, response : /track : to track your code 
 /end : to end conversation.
2022-02-21 18:50:12,553,DEBUG:__main__:message sent : /track : to track your code 
 /end : to end conversation.
2022-02-21 18:50:21,333,DEBUG:__main__:message recived : /track, response : please type your code, or  /menu to return to main menu
2022-02-21 18:50:26,688,DEBUG:__main__:message recived : /end, response : good bye!
2022-02-21 18:50:26,973,DEBUG:__main__:message sent : good bye!
2022-02-21 18:50:32,336,DEBUG:__main__:message recived : /track, response : please type your code, or  /menu to return to main menu
2022-02-21 18:50:34,355,DEBUG:__main__:message recived : 44, response : did you mean track my code?
 /track : to track the code.
 /end : to end conversation.
2022-02-21 18:50:34,606,DEBUG:__main__:message sent : did you mean track my code?
 /track : to track the code.
 /end : to end conversation.
2022-02-21 18:54:24,562,DEBUG:__main__:message recived : /end, response : good bye!
2022-02-21 18:54:24,897,DEBUG:__main__:message sent : good bye!
2022-02-21 18:54:25,476,DEBUG:__main__:message recived : /end, response : good bye!
2022-02-21 18:54:25,762,DEBUG:__main__:message sent : good bye!
2022-02-21 18:54:36,341,DEBUG:__main__:message recived : /track, response : please type your code, or  /menu to return to main menu
2022-02-21 18:54:41,026,DEBUG:__main__:message recived : 66456, response : did you mean track my code?
 /track : to track the code.
 /end : to end conversation.
2022-02-21 18:54:41,312,DEBUG:__main__:message sent : did you mean track my code?
 /track : to track the code.
 /end : to end conversation.
2022-02-21 18:54:52,862,DEBUG:__main__:message recived : /track, response : please type your code, or  /menu to return to main menu
2022-02-21 18:54:58,096,DEBUG:__main__:message recived : 646, response : did you mean track my code?
 /track : to track the code.
 /end : to end conversation.
2022-02-21 18:54:58,411,DEBUG:__main__:message sent : did you mean track my code?
 /track : to track the code.
 /end : to end conversation.
2022-02-21 18:59:25,168,DEBUG:__main__:message recived : /end, response : good bye!
2022-02-21 18:59:25,878,DEBUG:__main__:message sent : good bye!
2022-02-21 18:59:28,828,DEBUG:__main__:message recived : /track, response : please type your code, or  /menu to return to main menu
2022-02-21 18:59:30,751,DEBUG:__main__:message recived : /track, response : please type your code, or  /menu to return to main menu
2022-02-21 18:59:34,009,DEBUG:__main__:message recived : /track, response : please type your code, or  /menu to return to main menu
2022-02-21 18:59:39,308,DEBUG:__main__:message recived : /track, response : please type your code, or  /menu to return to main menu
2022-02-21 18:59:52,118,DEBUG:__main__:message recived : /track, response : please type your code, or  /menu to return to main menu
2022-02-21 19:00:09,622,DEBUG:__main__:message recived : /track, response : please type your code, or  /menu to return to main menu
2022-02-21 19:00:43,081,DEBUG:__main__:message recived : /track, response : please type your code, or  /menu to return to main menu
2022-02-21 19:01:44,650,DEBUG:__main__:message recived : /track, response : please type your code, or  /menu to return to main menu
2022-02-21 19:07:04,382,DEBUG:__main__:message recived : /end, response : good bye!
2022-02-21 19:07:04,684,DEBUG:__main__:message sent : good bye!
2022-02-21 19:07:05,231,DEBUG:__main__:message recived : /end, response : good bye!
2022-02-21 19:07:05,566,DEBUG:__main__:message sent : good bye!
2022-02-21 19:07:10,876,DEBUG:__main__:message recived : /track, response : please type your code, or  /menu to return to main menu
2022-02-21 19:09:20,429,DEBUG:__main__:message recived : /track, response : please type your code, or  /menu to return to main menu
2022-02-21 19:09:21,429,DEBUG:__main__:message recived : 123, response : did you mean track my code?
 /track : to track the code.
 /end : to end conversation.
2022-02-21 19:10:14,273,DEBUG:__main__:message recived : /end, response : good bye!
2022-02-21 19:10:14,575,DEBUG:__main__:message sent : good bye!
2022-02-21 19:10:16,960,DEBUG:__main__:message recived : /menu, response : /track : to track your code 
 /end : to end conversation.
2022-02-21 19:10:17,261,DEBUG:__main__:message sent : /track : to track your code 
 /end : to end conversation.
2022-02-21 19:10:19,061,DEBUG:__main__:message recived : /track, response : please type your code, or  /menu to return to main menu
2022-02-21 19:10:22,058,DEBUG:__main__:message recived : 46, response : did you mean track my code?
 /track : to track the code.
 /end : to end conversation.
2022-02-21 19:10:28,135,DEBUG:__main__:message recived : 1, response : did you mean track my code?
 /track : to track the code.
 /end : to end conversation.
2022-02-21 19:10:28,428,DEBUG:__main__:message sent : did you mean track my code?
 /track : to track the code.
 /end : to end conversation.
2022-02-21 19:10:37,328,DEBUG:__main__:message recived : /track, response : please type your code, or  /menu to return to main menu
2022-02-21 19:10:39,957,DEBUG:__main__:message recived : 1, response : did you mean track my code?
 /track : to track the code.
 /end : to end conversation.
2022-02-21 19:11:34,068,DEBUG:__main__:message recived : /track, response : please type your code, or  /menu to return to main menu
2022-02-21 19:11:36,292,DEBUG:__main__:message recived : 42, response : did you mean track my code?
 /track : to track the code.
 /end : to end conversation.
2022-02-21 19:12:03,893,DEBUG:__main__:message recived : /end, response : good bye!
2022-02-21 19:12:04,254,DEBUG:__main__:message sent : good bye!
2022-02-21 19:12:06,122,DEBUG:__main__:message recived : /track, response : please type your code, or  /menu to return to main menu
2022-02-21 19:12:09,531,DEBUG:__main__:message recived : 42, response : did you mean track my code?
 /track : to track the code.
 /end : to end conversation.
2022-02-21 19:12:14,651,DEBUG:__main__:message recived : /track, response : please type your code, or  /menu to return to main menu
2022-02-21 19:12:17,504,DEBUG:__main__:message recived : 42, response : did you mean track my code?
 /track : to track the code.
 /end : to end conversation.
2022-02-21 19:12:59,823,DEBUG:__main__:message recived : /menu, response : /track : to track your code 
 /end : to end conversation.
2022-02-21 19:13:00,223,DEBUG:__main__:message sent : /track : to track your code 
 /end : to end conversation.
2022-02-21 19:13:02,716,DEBUG:__main__:message recived : /track, response : please type your code, or  /menu to return to main menu
2022-02-21 19:13:07,360,DEBUG:__main__:message recived : 42, response : did you mean track my code?
 /track : to track the code.
 /end : to end conversation.
2022-02-21 19:18:55,943,DEBUG:__main__:message recived : /end, response : good bye!
2022-02-21 19:18:56,324,DEBUG:__main__:message sent : good bye!
2022-02-21 19:18:58,919,DEBUG:__main__:message recived : /track, response : please type your code, or  /menu to return to main menu
2022-02-21 19:19:04,234,DEBUG:__main__:message recived : 42, response : did you mean track my code?
 /track : to track the code.
 /end : to end conversation.
2022-02-21 19:19:04,235,DEBUG:__main__:message sent : your code is on the system! try another code? /track . /menu to return to main menu or /end to end conversation 
2022-02-21 19:20:06,812,DEBUG:__main__:message recived : /end, response : good bye!
2022-02-21 19:20:07,577,DEBUG:__main__:message sent : good bye!
2022-02-21 19:20:09,762,DEBUG:__main__:message recived : /track, response : please type your code, or  /menu to return to main menu
2022-02-21 19:20:13,147,DEBUG:__main__:message recived : 42, response : did you mean track my code?
 /track : to track the code.
 /end : to end conversation.
2022-02-21 19:20:13,149,DEBUG:__main__:message sent : your code is on the system! try another code? /track . /menu to return to main menu or /end to end conversation 
2022-02-21 19:20:29,503,DEBUG:__main__:message recived : /end, response : good bye!
2022-02-21 19:20:30,908,DEBUG:__main__:message sent : good bye!
2022-02-21 19:20:32,927,DEBUG:__main__:message recived : /track, response : please type your code, or  /menu to return to main menu
2022-02-21 19:20:38,084,DEBUG:__main__:message recived : 42, response : did you mean track my code?
 /track : to track the code.
 /end : to end conversation.
2022-02-21 19:20:38,364,DEBUG:__main__:message sent : your code is on the system! try another code? /track . /menu to return to main menu or /end to end conversation 
2022-02-21 19:20:43,575,DEBUG:__main__:message recived : /track, response : please type your code, or  /menu to return to main menu
2022-02-21 19:20:45,997,DEBUG:__main__:message recived : 1, response : did you mean track my code?
 /track : to track the code.
 /end : to end conversation.
2022-02-21 19:20:58,904,DEBUG:__main__:message recived : /track, response : please type your code, or  /menu to return to main menu
2022-02-21 19:21:01,593,DEBUG:__main__:message recived : 666, response : did you mean track my code?
 /track : to track the code.
 /end : to end conversation.
2022-02-21 19:21:12,832,DEBUG:__main__:message sent : your code is on the system! try another code? /track . /menu to return to main menu or /end to end conversation 
2022-02-21 22:39:35,147,DEBUG:__main__:message recived : /end, response : good bye!
2022-02-21 22:39:36,200,DEBUG:__main__:message sent : good bye!
2022-02-21 22:39:40,329,DEBUG:__main__:message recived : /menu, response : /track : to track your code 
 /end : to end conversation.
2022-02-21 22:39:42,423,DEBUG:__main__:message sent : /track : to track your code 
 /end : to end conversation.
2022-02-21 22:39:51,912,DEBUG:__main__:message recived : /start, response : Hello! I am CHATBOT-DS-42, I am here to help 
/track : if you want to track your code 
/end to end conversation.
2022-02-21 22:39:52,156,DEBUG:__main__:message sent : Hello! I am CHATBOT-DS-42, I am here to help 
/track : if you want to track your code 
/end to end conversation.
2022-02-21 22:39:55,810,DEBUG:__main__:message recived : kjnklnk, response : did you mean track my code?
 /track : to track the code.
 /end : to end conversation.
2022-02-21 22:39:56,124,DEBUG:__main__:message sent : did you mean track my code?
 /track : to track the code.
 /end : to end conversation.
2022-02-21 22:39:58,764,DEBUG:__main__:message recived : /track, response : please type your code, or  /menu to return to main menu
2022-02-21 22:40:03,889,DEBUG:__main__:message recived : 54564, response : did you mean track my code?
 /track : to track the code.
 /end : to end conversation.
2022-02-21 22:40:13,895,DEBUG:__main__:message recived : 42, response : did you mean track my code?
 /track : to track the code.
 /end : to end conversation.
2022-02-21 22:40:14,146,DEBUG:__main__:message sent : did you mean track my code?
 /track : to track the code.
 /end : to end conversation.
2022-02-21 22:40:22,006,DEBUG:__main__:message recived : /track, response : please type your code, or  /menu to return to main menu
2022-02-21 22:40:26,294,DEBUG:__main__:message recived : 42, response : did you mean track my code?
 /track : to track the code.
 /end : to end conversation.
2022-02-21 22:40:27,122,DEBUG:__main__:message recived : 42, response : did you mean track my code?
 /track : to track the code.
 /end : to end conversation.
2022-02-21 22:40:29,924,DEBUG:__main__:message recived : 42, response : did you mean track my code?
 /track : to track the code.
 /end : to end conversation.
2022-02-21 22:40:34,745,DEBUG:__main__:message recived : 42, response : did you mean track my code?
 /track : to track the code.
 /end : to end conversation.
2022-02-21 22:40:43,610,DEBUG:__main__:message recived : 42, response : did you mean track my code?
 /track : to track the code.
 /end : to end conversation.
2022-02-21 22:41:00,429,DEBUG:__main__:message recived : 42, response : did you mean track my code?
 /track : to track the code.
 /end : to end conversation.
2022-02-21 22:41:02,505,DEBUG:__main__:message recived : /track, response : please type your code, or  /menu to return to main menu
2022-02-21 22:41:07,027,DEBUG:__main__:message recived : 42, response : did you mean track my code?
 /track : to track the code.
 /end : to end conversation.
2022-02-21 22:41:57,790,DEBUG:__main__:message recived : /track, response : please type your code, or  /menu to return to main menu
2022-02-21 22:42:00,692,DEBUG:__main__:message recived : 42, response : did you mean track my code?
 /track : to track the code.
 /end : to end conversation.
2022-02-21 22:42:56,090,DEBUG:__main__:message recived : /track, response : please type your code, or  /menu to return to main menu
2022-02-21 22:42:59,624,DEBUG:__main__:message recived : 42, response : did you mean track my code?
 /track : to track the code.
 /end : to end conversation.
2022-02-21 22:45:03,323,DEBUG:__main__:message recived : /track, response : please type your code, or  /menu to return to main menu
2022-02-21 22:45:05,750,DEBUG:__main__:message recived : 42, response : did you mean track my code?
 /track : to track the code.
 /end : to end conversation.
2022-02-21 22:45:06,058,DEBUG:__main__:message sent : your code is on the system! try another code? /track . /menu to return to main menu or /end to end conversation 
2022-02-21 22:46:13,337,DEBUG:__main__:message recived : /menu, response : /track : to track your code 
 /end : to end conversation.
2022-02-21 22:46:13,610,DEBUG:__main__:message sent : /track : to track your code 
 /end : to end conversation.
2022-02-21 22:46:15,811,DEBUG:__main__:message recived : /end, response : good bye!
2022-02-21 22:46:16,184,DEBUG:__main__:message sent : good bye!
2022-02-21 22:46:21,431,DEBUG:__main__:message recived : /track, response : please type your code, or  /menu to return to main menu
2022-02-21 22:46:24,559,DEBUG:__main__:message recived : 5464, response : did you mean track my code?
 /track : to track the code.
 /end : to end conversation.
2022-02-21 22:46:27,641,DEBUG:__main__:message recived : /track, response : please type your code, or  /menu to return to main menu
2022-02-21 22:46:29,994,DEBUG:__main__:message recived : 42, response : did you mean track my code?
 /track : to track the code.
 /end : to end conversation.
2022-02-21 22:46:30,253,DEBUG:__main__:message sent : your code is on the system! try another code? /track . /menu to return to main menu or /end to end conversation 
2022-02-21 22:46:32,373,DEBUG:__main__:message recived : /track, response : please type your code, or  /menu to return to main menu
2022-02-21 22:46:35,825,DEBUG:__main__:message recived : 1, response : did you mean track my code?
 /track : to track the code.
 /end : to end conversation.
2022-02-21 22:46:40,605,DEBUG:__main__:message recived : /track, response : please type your code, or  /menu to return to main menu
2022-02-21 22:46:43,182,DEBUG:__main__:message recived : 666, response : did you mean track my code?
 /track : to track the code.
 /end : to end conversation.
2022-02-21 22:46:43,537,DEBUG:__main__:message sent : your code is on the system! try another code? /track . /menu to return to main menu or /end to end conversation 
2022-02-21 22:49:06,029,DEBUG:__main__:message recived : /track, response : please type your code, or  /menu to return to main menu
2022-02-21 22:49:11,253,DEBUG:__main__:message recived : 56467484153, response : did you mean track my code?
 /track : to track the code.
 /end : to end conversation.
2022-02-21 22:49:13,732,DEBUG:__main__:message recived : /track, response : please type your code, or  /menu to return to main menu
2022-02-21 22:49:16,040,DEBUG:__main__:message recived : 11, response : did you mean track my code?
 /track : to track the code.
 /end : to end conversation.
2022-02-21 22:49:18,587,DEBUG:__main__:message sent : your code is on the system! try another code? /track . /menu to return to main menu or /end to end conversation 
2022-02-21 23:27:00,047,DEBUG:__main__:message recived : /menu, response : /track : to track your code 
 /end : to end conversation.
2022-02-21 23:27:00,432,DEBUG:__main__:message sent : /track : to track your code 
 /end : to end conversation.
2022-02-21 23:27:02,780,DEBUG:__main__:message recived : /end, response : good bye!
2022-02-21 23:27:03,147,DEBUG:__main__:message sent : good bye!
2022-02-21 23:27:05,536,DEBUG:__main__:message recived : /track, response : please type your code, or  /menu to return to main menu
2022-02-21 23:27:09,003,DEBUG:__main__:message recived : 87496, response : did you mean track my code?
 /track : to track the code.
 /end : to end conversation.
2022-02-21 23:27:09,005,DEBUG:__main__:checking the database
2022-02-21 23:27:13,759,DEBUG:__main__:message recived : 42, response : did you mean track my code?
 /track : to track the code.
 /end : to end conversation.
2022-02-21 23:27:14,382,DEBUG:__main__:message sent : did you mean track my code?
 /track : to track the code.
 /end : to end conversation.
2022-02-21 23:27:16,218,DEBUG:__main__:message recived : /track, response : please type your code, or  /menu to return to main menu
2022-02-21 23:27:19,275,DEBUG:__main__:message recived : 42, response : did you mean track my code?
 /track : to track the code.
 /end : to end conversation.
2022-02-21 23:27:20,220,DEBUG:__main__:message recived : 42, response : did you mean track my code?
 /track : to track the code.
 /end : to end conversation.
2022-02-21 23:27:23,082,DEBUG:__main__:message recived : 42, response : did you mean track my code?
 /track : to track the code.
 /end : to end conversation.
2022-02-21 23:27:28,115,DEBUG:__main__:message recived : 42, response : did you mean track my code?
 /track : to track the code.
 /end : to end conversation.
2022-02-21 23:27:37,067,DEBUG:__main__:message recived : 42, response : did you mean track my code?
 /track : to track the code.
 /end : to end conversation.
2022-02-21 23:27:54,123,DEBUG:__main__:message recived : 42, response : did you mean track my code?
 /track : to track the code.
 /end : to end conversation.
2022-02-21 23:28:27,097,DEBUG:__main__:message recived : 42, response : did you mean track my code?
 /track : to track the code.
 /end : to end conversation.
2022-02-21 23:29:28,528,DEBUG:__main__:message recived : 42, response : did you mean track my code?
 /track : to track the code.
 /end : to end conversation.
2022-02-21 23:29:28,528,DEBUG:__main__:checking the database
2022-02-21 23:29:29,548,DEBUG:__main__:message recived : /track, response : please type your code, or  /menu to return to main menu
2022-02-21 23:29:30,592,DEBUG:__main__:message recived : /track, response : please type your code, or  /menu to return to main menu
2022-02-21 23:29:30,593,DEBUG:__main__:checking the database
2022-02-21 23:29:38,675,DEBUG:__main__:message recived : /track, response : please type your code, or  /menu to return to main menu
2022-02-21 23:29:41,892,DEBUG:__main__:message recived : 42, response : did you mean track my code?
 /track : to track the code.
 /end : to end conversation.
2022-02-21 23:29:41,892,DEBUG:__main__:checking the database
2022-02-21 23:30:01,042,DEBUG:__main__:message recived : /track, response : please type your code, or  /menu to return to main menu
2022-02-21 23:30:03,573,DEBUG:__main__:message recived : 42, response : did you mean track my code?
 /track : to track the code.
 /end : to end conversation.
2022-02-21 23:30:03,573,DEBUG:__main__:checking the database
2022-02-21 23:30:03,965,DEBUG:__main__:message sent : your code is on the system! try another code? /track . /menu to return to main menu or /end to end conversation 
2022-02-21 23:30:32,903,DEBUG:__main__:message recived : /start, response : Hello! I am CHATBOT-DS-42, I am here to help 
/track : if you want to track your code 
/end to end conversation.
2022-02-21 23:30:33,211,DEBUG:__main__:message sent : Hello! I am CHATBOT-DS-42, I am here to help 
/track : if you want to track your code 
/end to end conversation.
2022-02-21 23:34:51,392,DEBUG:__main__:message recived : /start, response : Hello! I am CHATBOT-DS-42, I am here to help 
/track : if you want to track your code 
/end to end conversation.
2022-02-21 23:34:51,784,DEBUG:__main__:message sent : Hello! I am CHATBOT-DS-42, I am here to help 
/track : if you want to track your code 
/end to end conversation.
2022-02-21 23:35:08,965,DEBUG:__main__:message recived : hello, response : did you mean track my code?
 /track : to track the code.
 /end : to end conversation.
2022-02-21 23:35:09,363,DEBUG:__main__:message sent : did you mean track my code?
 /track : to track the code.
 /end : to end conversation.
2022-02-21 23:35:17,325,DEBUG:__main__:message recived : /track, response : please type your code, or  /menu to return to main menu
2022-02-21 23:35:30,019,DEBUG:__main__:message recived : 89547, response : did you mean track my code?
 /track : to track the code.
 /end : to end conversation.
2022-02-21 23:35:30,019,DEBUG:__main__:checking the database
2022-02-21 23:35:45,947,DEBUG:__main__:message recived : /track, response : please type your code, or  /menu to return to main menu
2022-02-21 23:36:09,796,DEBUG:__main__:message recived : 42, response : did you mean track my code?
 /track : to track the code.
 /end : to end conversation.
2022-02-21 23:36:09,796,DEBUG:__main__:checking the database
2022-02-21 23:36:10,183,DEBUG:__main__:message sent : your code is on the system! try another code? /track . /menu to return to main menu or /end to end conversation 
2022-02-21 23:36:20,733,DEBUG:__main__:message recived : /menu, response : /track : to track your code 
 /end : to end conversation.
2022-02-21 23:36:21,092,DEBUG:__main__:message sent : /track : to track your code 
 /end : to end conversation.
2022-02-21 23:36:26,933,DEBUG:__main__:message recived : /end, response : good bye!
2022-02-21 23:36:27,325,DEBUG:__main__:message sent : good bye!
